[19:08:20] [Render thread/INFO] [JMLogger] JourneyMap log initialized.
[19:08:20] [Render thread/INFO] [JourneymapClient] initialize ENTER
[19:08:20] [Render thread/INFO] [ClientAPI] [ClientAPI] built with JourneyMap API 1.9-SNAPSHOT
[19:08:20] [Render thread/INFO] [PluginHelper] Initializing plugins with Client API: journeymap.client.api.impl.ClientAPI
[19:08:20] [Render thread/INFO] [PluginHelper] Initialized IClientPlugin: com.minecolonies.core.compatibility.journeymap.JourneymapPlugin
[19:08:20] [Render thread/INFO] [PluginHelper] Initialized IClientPlugin: net.blay09.mods.waystones.compat.JourneyMapIntegration
[19:08:20] [Render thread/WARN] [PropertiesBase] core (Initialized) Bad configField entry during updateFrom(): optionsManagerViewed=null
[19:08:20] [Render thread/WARN] [PropertiesBase] core (Initialized) Bad configField entry during updateFrom(): splashViewed=null
[19:08:20] [Render thread/INFO] [?] Version: JourneyMap 1.20.1-5.10.0, built with forge 1.20.1-47.2.30
forge: 47.3.0
Environment: os.name, os.arch, java.version, user.country, user.language=null, game language=en_us, locale=en_us
Features: 
	RadarPlayers : singleplayer = true , multiplayer = true
	RadarAnimals : singleplayer = true , multiplayer = true
	RadarMobs : singleplayer = true , multiplayer = true
	RadarVillagers : singleplayer = true , multiplayer = true
	MapTopo : singleplayer = true , multiplayer = true
	MapSurface : singleplayer = true , multiplayer = true
	MapCaves : singleplayer = true , multiplayer = true
	MapBiome : singleplayer = true , multiplayer = true
MiniMapProperties{state=Valid, file=journeymap.minimap.config, configVersion=5.10.0, zoomLevel=0, compassFontScale=1.0, terrainAlpha=100, showEntityNames=true, positionX=0.9, positionY=0.25, effectVertical=false, showPlayerHeading=true, sizePercent=30, playerDisplayScale=1.0, showDayNight=true, showPets=true, preferredMapType=day, showCompass=true, mobDisplay=jm.common.entity_display.dots, systemTimeRealFormat=HH:mm:ss, shape=jm.minimap.shape_circle, showSelf=true, selfDisplayScale=1.0, showGrid=true, reticleOrientation=jm.minimap.orientation.compass, gameTimeRealFormat=HH:mm:ss, effectTranslateX=-83, showWaypoints=true, minimapKeyMovementSpeed=0.001, showAnimals=true, infoSlotAlpha=0.7, effectTranslateY=0, showWaypointLabels=true, moveEffectIcons=true, position=jm.minimap.position_topright, fontScale=1.0, showPlayers=true, waypointIconScale=1.0, frameAlpha=100, effectReversed=false, backgroundAlpha=0.8, enabled=true, showVillagers=true, info2Label=jm.theme.labelsource.gametime, info3Label=jm.theme.labelsource.location, showMobs=true, waypointLabelScale=1.0, showReticle=true, orientation=jm.minimap.orientation.north, info4Label=jm.theme.labelsource.biome, locationFormat=xzyv, playerDisplay=jm.common.entity_display.dots, mobDisplayScale=1.0, showCaves=true, showMobHeading=true, locationFormatVerbose=true, info1Label=jm.theme.labelsource.blank}
MiniMapProperties{state=Valid, file=journeymap.minimap2.config, configVersion=5.10.0, zoomLevel=0, compassFontScale=1.0, terrainAlpha=100, showEntityNames=true, positionX=0.9, positionY=0.25, effectVertical=false, showPlayerHeading=true, sizePercent=30, playerDisplayScale=1.0, showDayNight=true, showPets=true, preferredMapType=day, showCompass=true, mobDisplay=jm.common.entity_display.dots, systemTimeRealFormat=HH:mm:ss, shape=jm.minimap.shape_rectangle, showSelf=true, selfDisplayScale=1.0, showGrid=true, reticleOrientation=jm.minimap.orientation.compass, gameTimeRealFormat=HH:mm:ss, effectTranslateX=0, showWaypoints=true, minimapKeyMovementSpeed=0.001, showAnimals=true, infoSlotAlpha=0.7, effectTranslateY=0, showWaypointLabels=true, moveEffectIcons=true, position=jm.minimap.position_topright, fontScale=1.0, showPlayers=true, waypointIconScale=1.0, frameAlpha=100, effectReversed=false, backgroundAlpha=0.8, enabled=true, showVillagers=true, info2Label=jm.theme.labelsource.gametime, info3Label=jm.theme.labelsource.location, showMobs=true, waypointLabelScale=1.0, showReticle=true, orientation=jm.minimap.orientation.north, info4Label=jm.theme.labelsource.biome, locationFormat=xzyv, playerDisplay=jm.common.entity_display.dots, mobDisplayScale=1.0, showCaves=true, showMobHeading=true, locationFormatVerbose=true, info1Label=jm.theme.labelsource.blank}
FullMapProperties{state=Valid, file=journeymap.fullmap.config, configVersion=5.10.0, zoomLevel=0, showPlayers=true, waypointIconScale=1.0, showEntityNames=true, showPlayerHeading=true, showVillagers=true, showPlayerLoc=true, showKeys=true, playerDisplayScale=1.0, showMobs=true, showPets=true, waypointLabelScale=1.0, preferredMapType=day, mobDisplay=jm.common.entity_display.dots, showSelf=true, locationFormat=xzyv, playerDisplay=jm.common.entity_display.dots, mobDisplayScale=1.0, selfDisplayScale=1.0, showGrid=true, showMouseLoc=true, showWaypoints=true, showCaves=true, showAnimals=true, showMobHeading=true, showWaypointLabels=true, locationFormatVerbose=true, fontScale=1.0}
WaypointProperties{state=Valid, file=journeymap.waypoint.config, configVersion=5.10.0, autoRemoveDeathpointDistance=2, dateFormat=MM-dd-yyyy, autoRemoveDeathpoints=false, fullscreenDoubleClickToCreate=true, managerDimensionFocus=false, minDistance=4, boldLabel=false, textureSmall=true, showDeathpointlabel=true, beaconEnabled=true, createDeathpoints=true, showName=true, disableStrikeThrough=false, maxDistance=0, autoHideLabel=true, autoRemoveTempWaypoints=2, teleportCommand=/tp {name} {x} {y} {z}, showStaticBeam=true, shaderBeacon=false, timeFormat=HH:mm:ss, showDeviationLabel=false, showDistance=true, showRotatingBeam=true, fontScale=2.0, showTexture=true, managerEnabled=true}
WebMapProperties{state=Valid, file=journeymap.webmap.config, configVersion=5.10.0, port=8080, enabled=false}
CoreProperties{state=Valid, file=journeymap.core.config, configVersion=5.10.0, verboseColorPalette=false, maxPlayersData=32, mapSurfaceAboveCaves=true, dataCachingEnabled=true, optionsManagerViewed=null, announceMod=true, colorPassive=#bbbbbb, mapBlendWater=false, renderDistanceSurfaceMax=0, seedId=false, radarVerticalDistance=16, mapBlendGrass=true, recordCacheStats=false, hideSneakingEntities=true, revealShape=jm.minimap.shape_circle, mapBiome=true, alwaysMapSurface=false, colorVillager=#88e188, mapPlants=false, colorPet=#0077ff, radarLateralDistance=64, mapBathymetry=false, mapCrops=true, maxMobsData=32, mapPlantShadows=false, alwaysMapCaves=false, checkUpdates=true, mapBlendFoliage=true, hideSpectators=false, mappingEnabled=true, colorPlayer=#ffffff, tileHighDisplayQuality=true, cacheVillagersData=2200, logLevel=INFO, maxVillagersData=32, mapWaterBiomeColors=false, maxAnimalsData=32, mapTransparency=true, caveBlackAsClear=false, tileRenderType=1, caveIgnoreGlass=true, mapTopography=true, renderDistanceCaveMax=0, mapAntialiasing=true, colorSelf=#0000ff, cachePlayersData=2000, cacheMobsData=3000, cachePlayerData=1000, splashViewed=null, colorHostile=#ff0000, cacheAnimalsData=3100, themeName=OceanMonument, mapCaveLighting=true, renderDelay=2, glErrorChecking=false, autoMapPoll=2000}
[19:08:21] [Render thread/INFO] [JourneymapClient] initialize EXIT, elapsed count 1 avg 396.01ms
[19:09:05] [Render thread/INFO] [JourneymapClient] Journeymap PostInit
[19:09:05] [Render thread/INFO] [ThemeLoader] Preloaded theme textures: 73
[19:09:05] [Render thread/INFO] [JourneymapClient] postInitialize EXIT, elapsed count 1 avg 295.58ms
[19:11:11] [Server thread/INFO] [ForgeConfig] Loading JourneyMap Forge Configs
[19:11:11] [Thread-30/INFO] [ForgeConfig] Loading JourneyMap Forge Configs
[19:11:11] [Thread-30/INFO] [ForgeConfig] Loading JourneyMap Forge Configs
[19:12:32] [Render thread/INFO] [ModBlockDelegate] Custom modded block handling enabled for create
[19:12:33] [Render thread/INFO] [ChatLog] JourneyMap: Press [J]
[19:12:33] [Render thread/WARN] [PropertiesBase] core (Initialized) Bad configField entry during updateFrom(): optionsManagerViewed=null
[19:12:33] [Render thread/WARN] [PropertiesBase] core (Initialized) Bad configField entry during updateFrom(): splashViewed=null
[19:12:33] [Render thread/INFO] [WaypointStore] Loaded 0 waypoints from C:\Users\kaide\curseforge\minecraft\Instances\TPICRAFT\journeymap\data\sp\New World\waypoints
[19:12:33] [Render thread/INFO] [JourneymapClient] Mapping started in C:\Users\kaide\curseforge\minecraft\Instances\TPICRAFT\journeymap\data\sp\New World\overworld. Memory: 21584MB total, 12382MB free 
[19:18:38] [Render thread/WARN] [JMLogger] Can't get entityTexture for productivebees:textures/entity_icon/bee/green_carpenter/bee.png
[19:18:38] [Render thread/WARN] [JMLogger] Can't get entityTexture for divinerpg:textures/entity_icon/aequorea_red.png
[19:18:38] [Render thread/WARN] [JMLogger] Can't get entityTexture for divinerpg:textures/entity_icon/aequorea_blue.png
[19:18:38] [Render thread/WARN] [JMLogger] Can't get entityTexture for divinerpg:textures/entity_icon/aequorea_pink.png
[19:18:38] [Render thread/WARN] [JMLogger] Can't get entityTexture for divinerpg:textures/entity_icon/kobblin.png
[19:18:43] [Render thread/WARN] [JMLogger] Can't get entityTexture for productivebees:textures/entity_icon/bee/yellow_black_carpenter/bee.png
[19:19:02] [Render thread/WARN] [JMLogger] Can't get entityTexture for divinerpg:textures/entity_icon/cyclops.png
[19:19:02] [Render thread/WARN] [JMLogger] Can't get entityTexture for divinerpg:textures/entity_icon/pumpkin_spider.png
[19:20:10] [Render thread/WARN] [JMLogger] Can't get entityTexture for divinerpg:textures/entity_icon/glacon.png
[19:20:27] [Render thread/WARN] [JMLogger] Can't get entityTexture for ars_nouveau:textures/entity_icon/starbuncle_green.png
[19:20:27] [Render thread/WARN] [JMLogger] Can't get entityTexture for ars_nouveau:textures/entity_icon/starbuncle_black.png
[19:20:27] [Render thread/WARN] [JMLogger] Can't get entityTexture for ars_nouveau:textures/entity_icon/starbuncle_orange.png
[19:20:27] [Render thread/WARN] [JMLogger] Can't get entityTexture for ars_nouveau:textures/entity_icon/starbuncle_red.png
[19:20:27] [Render thread/WARN] [JMLogger] Can't get entityTexture for ars_nouveau:textures/entity_icon/drygmy_brown.png
[19:20:27] [Render thread/WARN] [JMLogger] Can't get entityTexture for divinerpg:textures/entity_icon/aequorea_purple.png
[19:20:27] [Render thread/WARN] [JMLogger] Can't get entityTexture for productivebees:textures/entity_icon/bee/mason/bee.png
[19:20:27] [Render thread/WARN] [JMLogger] Can't get entityTexture for productivebees:textures/entity_icon/bee/sweat/bee.png
[19:20:27] [Render thread/WARN] [JMLogger] Can't get entityTexture for divinerpg:textures/entity_icon/ender_spider.png
[19:20:46] [Render thread/WARN] [JMLogger] Can't get entityTexture for divinerpg:textures/entity_icon/miner.png
[19:23:42] [Render thread/WARN] [JMLogger] Can't get entityTexture for ars_nouveau:textures/entity_icon/whirlisprig_summer.png
[19:23:47] [Render thread/WARN] [JMLogger] Can't get entityTexture for ars_nouveau:textures/entity_icon/starbuncle_cyan.png
[19:24:37] [Render thread/WARN] [JMLogger] Can't get entityTexture for inventorypets:textures/entity_icon/sb.png
[19:25:54] [Render thread/INFO] [JourneymapClient] Mapping halted in C:\Users\kaide\curseforge\minecraft\Instances\TPICRAFT\journeymap\data\mp\offline\minecraft:overworld
[19:26:09] [Server thread/INFO] [ForgeConfig] Loading JourneyMap Forge Configs
